2026-06-15 16:57:50,665 INFO o.a.j.u.JMeterUtils: Setting Locale to en_EN
2026-06-15 16:57:50,693 INFO o.a.j.JMeter: Loading user properties from: /home/wilson-castro/tools/apache-jmeter-5.6.3/bin/user.properties
2026-06-15 16:57:50,693 INFO o.a.j.JMeter: Loading system properties from: /home/wilson-castro/tools/apache-jmeter-5.6.3/bin/system.properties
2026-06-15 16:57:50,701 INFO o.a.j.JMeter: Copyright (c) 1998-2024 The Apache Software Foundation
2026-06-15 16:57:50,701 INFO o.a.j.JMeter: Version 5.6.3
2026-06-15 16:57:50,701 INFO o.a.j.JMeter: java.version=21.0.2
2026-06-15 16:57:50,701 INFO o.a.j.JMeter: java.vm.name=OpenJDK 64-Bit Server VM
2026-06-15 16:57:50,701 INFO o.a.j.JMeter: os.name=Linux
2026-06-15 16:57:50,701 INFO o.a.j.JMeter: os.arch=amd64
2026-06-15 16:57:50,701 INFO o.a.j.JMeter: os.version=6.17.0-35-generic
2026-06-15 16:57:50,702 INFO o.a.j.JMeter: file.encoding=UTF-8
2026-06-15 16:57:50,702 INFO o.a.j.JMeter: java.awt.headless=null
2026-06-15 16:57:50,702 INFO o.a.j.JMeter: Max memory     =1073741824
2026-06-15 16:57:50,702 INFO o.a.j.JMeter: Available Processors =16
2026-06-15 16:57:50,715 INFO o.a.j.JMeter: Default Locale=English (EN)
2026-06-15 16:57:50,716 INFO o.a.j.JMeter: JMeter  Locale=English (EN)
2026-06-15 16:57:50,716 INFO o.a.j.JMeter: JMeterHome=/home/wilson-castro/tools/apache-jmeter-5.6.3
2026-06-15 16:57:50,716 INFO o.a.j.JMeter: user.dir  =/home/wilson-castro/Documents/projects/ufc/futbot
2026-06-15 16:57:50,716 INFO o.a.j.JMeter: PWD       =/home/wilson-castro/Documents/projects/ufc/futbot
2026-06-15 16:57:50,717 INFO o.a.j.JMeter: IP: 127.0.1.1 Name: TRDS FullName: TRDS
